<?xml version="1.0" encoding="utf-8"?><testsuites name="pytest tests"><testsuite name="pytest" errors="0" failures="3" skipped="0" tests="19" time="8.941" timestamp="2026-06-09T02:35:17.553775+00:00" hostname="agent-env-8b10e265-038a-4faf-b53c-b095c1bdb87c"><testcase classname="backend.tests.test_clutcharena.TestAuth" name="test_login_admin" time="0.899" /><testcase classname="backend.tests.test_clutcharena.TestAuth" name="test_login_player" time="0.737" /><testcase classname="backend.tests.test_clutcharena.TestAuth" name="test_login_bad_password" time="0.821" /><testcase classname="backend.tests.test_clutcharena.TestAuth" name="test_signup_new_user" time="0.581" /><testcase classname="backend.tests.test_clutcharena.TestAuth" name="test_otp_send_and_verify" time="0.329" /><testcase classname="backend.tests.test_clutcharena.TestAuth" name="test_me" time="0.907"><failure message="KeyError: 'email'">backend/tests/test_clutcharena.py:75: in test_me
    assert r.json()["email"] == PLAYER["email"]
           ^^^^^^^^^^^^^^^^^
E   KeyError: 'email'</failure></testcase><testcase classname="backend.tests.test_clutcharena.TestAuth" name="test_me_no_token" time="0.154" /><testcase classname="backend.tests.test_clutcharena.TestTournaments" name="test_list_tournaments" time="0.453" /><testcase classname="backend.tests.test_clutcharena.TestTournaments" name="test_detail_requires_auth" time="0.303" /><testcase classname="backend.tests.test_clutcharena.TestTournaments" name="test_detail_hides_room_creds_for_non_registered" time="0.367" /><testcase classname="backend.tests.test_clutcharena.TestWallet" name="test_deposit_mock" time="0.274" /><testcase classname="backend.tests.test_clutcharena.TestWallet" name="test_withdraw_requires_min" time="0.200" /><testcase classname="backend.tests.test_clutcharena.TestPublic" name="test_banners" time="0.222" /><testcase classname="backend.tests.test_clutcharena.TestPublic" name="test_leaderboard" time="0.177" /><testcase classname="backend.tests.test_clutcharena.TestPublic" name="test_referral" time="0.221" /><testcase classname="backend.tests.test_clutcharena.TestKYC" name="test_status" time="0.197"><failure message="AssertionError: assert None == 'approved'&#10; +  where None = &lt;built-in method get of dict object at 0xfec718ed75c0&gt;('status')&#10; +    where &lt;built-in method get of dict object at 0xfec718ed75c0&gt; = {'kyc_status': 'approved', 'record': None}.get&#10; +      where {'kyc_status': 'approved', 'record': None} = json()&#10; +        where json = &lt;Response [200]&gt;.json">backend/tests/test_clutcharena.py:147: in test_status
    assert r.json().get("status") == "approved"
E   AssertionError: assert None == 'approved'
E    +  where None = &lt;built-in method get of dict object at 0xfec718ed75c0&gt;('status')
E    +    where &lt;built-in method get of dict object at 0xfec718ed75c0&gt; = {'kyc_status': 'approved', 'record': None}.get
E    +      where {'kyc_status': 'approved', 'record': None} = json()
E    +        where json = &lt;Response [200]&gt;.json</failure></testcase><testcase classname="backend.tests.test_clutcharena.TestTeams" name="test_create_and_join" time="1.097"><failure message="AssertionError: {&quot;detail&quot;:[{&quot;type&quot;:&quot;missing&quot;,&quot;loc&quot;:[&quot;body&quot;,&quot;game&quot;],&quot;msg&quot;:&quot;Field required&quot;,&quot;input&quot;:{&quot;name&quot;:&quot;TEST_96c0dc&quot;},&quot;url&quot;:&quot;https://errors.pydantic.dev/2.13/v/missing&quot;},{&quot;type&quot;:&quot;missing&quot;,&quot;loc&quot;:[&quot;body&quot;,&quot;mode&quot;],&quot;msg&quot;:&quot;Field required&quot;,&quot;input&quot;:{&quot;name&quot;:&quot;TEST_96c0dc&quot;},&quot;url&quot;:&quot;https://errors.pydantic.dev/2.13/v/missing&quot;}]}&#10;assert 422 in (200, 201)&#10; +  where 422 = &lt;Response [422]&gt;.status_code">backend/tests/test_clutcharena.py:154: in test_create_and_join
    assert r.status_code in (200, 201), r.text
E   AssertionError: {"detail":[{"type":"missing","loc":["body","game"],"msg":"Field required","input":{"name":"TEST_96c0dc"},"url":"https://errors.pydantic.dev/2.13/v/missing"},{"type":"missing","loc":["body","mode"],"msg":"Field required","input":{"name":"TEST_96c0dc"},"url":"https://errors.pydantic.dev/2.13/v/missing"}]}
E   assert 422 in (200, 201)
E    +  where 422 = &lt;Response [422]&gt;.status_code</failure></testcase><testcase classname="backend.tests.test_clutcharena.TestAdmin" name="test_stats_admin" time="0.207" /><testcase classname="backend.tests.test_clutcharena.TestAdmin" name="test_stats_non_admin_forbidden" time="0.159" /></testsuite></testsuites>